<?xml version="1.0" encoding="UTF-8"?>
<!-- Generated by org.testng.reporters.JUnitReportReporter -->
<testsuite hostname="BDTUDV31328" name="test_Aplication_POM.LoginPage_Test_POM" tests="1" failures="0" timestamp="27 Mar 2018 04:54:04 GMT" time="7.343" errors="0">
  <testcase name="loginTest_Care" time="7.343" classname="test_Aplication_POM.LoginPage_Test_POM"/>
</testsuite> <!-- test_Aplication_POM.LoginPage_Test_POM -->
